File: ../data/raw/construction_small.asc
Number of zeros found in x: 0
Number of NaNs found in x: 0
Number of infinite values found in x: 0
Min and max values for x: -7.991315364838, 3.662995100021
Number of zeros found in y: 0
Number of NaNs found in y: 0
Number of infinite values found in y: 0
Min and max values for y: -0.040989883244, 11.588166236877
Number of zeros found in z: 0
Number of NaNs found in z: 0
Number of infinite values found in z: 0
Min and max values for z: 0.383980154991, 3.680519104004
Number of zeros found in r: 0
Number of NaNs found in r: 0
Number of infinite values found in r: 0
Min and max values for r: 1.0, 255.0
Number of zeros found in g: 0
Number of NaNs found in g: 0
Number of infinite values found in g: 0
Min and max values for g: 1.0, 255.0
Number of zeros found in b: 0
Number of NaNs found in b: 0
Number of infinite values found in b: 0
Min and max values for b: 1.0, 255.0
Number of zeros found in Classification: 6275
Number of NaNs found in Classification: 0
Number of infinite values found in Classification: 0
Min and max values for Classification: 0.0, 101.0
Number of zeros found in normal_x: 0
Number of NaNs found in normal_x: 0
Number of infinite values found in normal_x: 0
Min and max values for normal_x: -0.999987, 0.999987
Number of zeros found in normal_y: 0
Number of NaNs found in normal_y: 0
Number of infinite values found in normal_y: 0
Min and max values for normal_y: -0.999987, 0.999987
Number of zeros found in normal_z: 0
Number of NaNs found in normal_z: 0
Number of infinite values found in normal_z: 0
Min and max values for normal_z: -0.999999, 0.999976
Done writing to file
